#
# There is insufficient memory for the Java Runtime Environment to continue.
# Native memory allocation (malloc) failed to allocate 1782256 bytes for Chunk::new
# Possible reasons:
#   The system is out of physical RAM or swap space
#   The process is running with CompressedOops enabled, and the Java Heap may be blocking the growth of the native heap
# Possible solutions:
#   Reduce memory load on the system
#   Increase physical memory or swap space
#   Check if swap backing store is full
#   Decrease Java heap size (-Xmx/-Xms)
#   Decrease number of Java threads
#   Decrease Java thread stack sizes (-Xss)
#   Set larger code cache with -XX:ReservedCodeCacheSize=
#   JVM is running with Unscaled Compressed Oops mode in which the Java heap is
#     placed in the first 4GB address space. The Java Heap base address is the
#     maximum limit for the native heap growth. Please use -XX:HeapBaseMinAddress
#     to set the Java Heap base and to place the Java Heap above 4GB virtual address.
# This output file may be truncated or incomplete.
#
#  Out of Memory Error (./src/hotspot/share/memory/arena.cpp:197), pid=236, tid=1728
#
# JRE version: OpenJDK Runtime Environment (11.0.11+9) (build 11.0.11+9-b60-7590822)
# Java VM: OpenJDK 64-Bit Server VM (11.0.11+9-b60-7590822, mixed mode, tiered, compressed oops, g1 gc, windows-amd64)
# No core dump will be written. Minidumps are not enabled by default on client versions of Windows
#

---------------  S U M M A R Y ------------

Command Line: --add-opens=java.base/java.util=ALL-UNNAMED --add-opens=java.base/java.lang=ALL-UNNAMED --add-opens=java.base/java.lang.invoke=ALL-UNNAMED --add-opens=java.base/java.util=ALL-UNNAMED --add-opens=java.prefs/java.util.prefs=ALL-UNNAMED --add-opens=java.prefs/java.util.prefs=ALL-UNNAMED --add-opens=java.base/java.nio.charset=ALL-UNNAMED --add-opens=java.base/java.net=ALL-UNNAMED --add-opens=java.base/java.util.concurrent.atomic=ALL-UNNAMED -Xmx2048m -Dfile.encoding=UTF-8 -Duser.country=BR -Duser.language=pt -Duser.variant org.gradle.launcher.daemon.bootstrap.GradleDaemon 7.2

Host: Intel(R) Core(TM) i3-7100U CPU @ 2.40GHz, 4 cores, 7G,  Windows 10 , 64 bit Build 19041 (10.0.19041.1566)
Time: Mon Apr 25 08:28:21 2022 Hora Padrão de Buenos Aires elapsed time: 11.508824 seconds (0d 0h 0m 11s)

---------------  T H R E A D  ---------------

Current thread (0x0000015e3cd78000):  JavaThread "C2 CompilerThread1" daemon [_thread_in_native, id=1728, stack(0x0000000fefd00000,0x0000000fefe00000)]


Current CompileTask:
C2:  11508 3794       4       groovy.lang.MetaClassImpl$1MOPIter::methodNameAction (325 bytes)

Stack: [0x0000000fefd00000,0x0000000fefe00000]
Native frames: (J=compiled Java code, j=interpreted, Vv=VM code, C=native code)
V  [jvm.dll+0x5f214a]
V  [jvm.dll+0x726fb5]
V  [jvm.dll+0x7285cd]
V  [jvm.dll+0x728c83]
V  [jvm.dll+0x243278]
V  [jvm.dll+0xbc53c]
V  [jvm.dll+0xbca3c]
V  [jvm.dll+0x353e3b]
V  [jvm.dll+0x321893]
V  [jvm.dll+0x320d8a]
V  [jvm.dll+0x1fc1e2]
V  [jvm.dll+0x1fb3d4]
V  [jvm.dll+0x183d6c]
V  [jvm.dll+0x209a57]
V  [jvm.dll+0x2082a1]
V  [jvm.dll+0x6ef58f]
V  [jvm.dll+0x6e80b5]
V  [jvm.dll+0x5f1036]
C  [ucrtbase.dll+0x21bb2]
C  [KERNEL32.DLL+0x17034]
C  [ntdll.dll+0x52651]


---------------  P R O C E S S  ---------------

Threads class SMR info:
_java_thread_list=0x0000015e3f9212f0, length=36, elements={
0x0000015e1ef6e800, 0x0000015e38b51800, 0x0000015e38b52800, 0x0000015e38b6b800,
0x0000015e38b6c800, 0x0000015e38b71000, 0x0000015e38b74800, 0x0000015e38b7a000,
0x0000015e38b96000, 0x0000015e39640000, 0x0000015e3963e800, 0x0000015e39640800,
0x0000015e3963f000, 0x0000015e3963c800, 0x0000015e3963d800, 0x0000015e39641800,
0x0000015e39642800, 0x0000015e39643000, 0x0000015e3ad52800, 0x0000015e3ad52000,
0x0000015e3ad55000, 0x0000015e3ad54800, 0x0000015e3ad53800, 0x0000015e3ad56000,
0x0000015e3ad50000, 0x0000015e3ad57000, 0x0000015e3ad51000, 0x0000015e3ad5d800,
0x0000015e3cd78000, 0x0000015e3ad57800, 0x0000015e3ad5b000, 0x0000015e3ad5b800,
0x0000015e3ad5a000, 0x0000015e3ad58800, 0x0000015e3ad5c800, 0x0000015e3b7d3000
}

Java Threads: ( => current thread )
  0x0000015e1ef6e800 JavaThread "main" [_thread_blocked, id=6380, stack(0x0000000fed700000,0x0000000fed800000)]
  0x0000015e38b51800 JavaThread "Reference Handler" daemon [_thread_blocked, id=772, stack(0x0000000fede00000,0x0000000fedf00000)]
  0x0000015e38b52800 JavaThread "Finalizer" daemon [_thread_blocked, id=8780, stack(0x0000000fedf00000,0x0000000fee000000)]
  0x0000015e38b6b800 JavaThread "Signal Dispatcher" daemon [_thread_blocked, id=4728, stack(0x0000000fee000000,0x0000000fee100000)]
  0x0000015e38b6c800 JavaThread "Attach Listener" daemon [_thread_blocked, id=7652, stack(0x0000000fee100000,0x0000000fee200000)]
  0x0000015e38b71000 JavaThread "Service Thread" daemon [_thread_blocked, id=4872, stack(0x0000000fee200000,0x0000000fee300000)]
  0x0000015e38b74800 JavaThread "C2 CompilerThread0" daemon [_thread_in_native, id=3328, stack(0x0000000fee300000,0x0000000fee400000)]
  0x0000015e38b7a000 JavaThread "C1 CompilerThread0" daemon [_thread_blocked, id=12004, stack(0x0000000fee400000,0x0000000fee500000)]
  0x0000015e38b96000 JavaThread "Sweeper thread" daemon [_thread_blocked, id=8124, stack(0x0000000fee500000,0x0000000fee600000)]
  0x0000015e39640000 JavaThread "Common-Cleaner" daemon [_thread_blocked, id=8696, stack(0x0000000fee600000,0x0000000fee700000)]
  0x0000015e3963e800 JavaThread "Daemon health stats" [_thread_blocked, id=13076, stack(0x0000000feeb00000,0x0000000feec00000)]
  0x0000015e39640800 JavaThread "Incoming local TCP Connector on port 56212" [_thread_in_native, id=12724, stack(0x0000000fee800000,0x0000000fee900000)]
  0x0000015e3963f000 JavaThread "Daemon periodic checks" [_thread_blocked, id=1344, stack(0x0000000feec00000,0x0000000feed00000)]
  0x0000015e3963c800 JavaThread "Daemon" [_thread_blocked, id=11772, stack(0x0000000feed00000,0x0000000feee00000)]
  0x0000015e3963d800 JavaThread "Handler for socket connection from /127.0.0.1:56212 to /127.0.0.1:56213" [_thread_in_native, id=1952, stack(0x0000000feee00000,0x0000000feef00000)]
  0x0000015e39641800 JavaThread "Cancel handler" [_thread_blocked, id=5524, stack(0x0000000feef00000,0x0000000fef000000)]
  0x0000015e39642800 JavaThread "Daemon worker" [_thread_in_vm, id=13624, stack(0x0000000fef000000,0x0000000fef100000)]
  0x0000015e39643000 JavaThread "Asynchronous log dispatcher for DefaultDaemonConnection: socket connection from /127.0.0.1:56212 to /127.0.0.1:56213" [_thread_blocked, id=4956, stack(0x0000000fef200000,0x0000000fef300000)]
  0x0000015e3ad52800 JavaThread "Stdin handler" [_thread_blocked, id=10008, stack(0x0000000fef300000,0x0000000fef400000)]
  0x0000015e3ad52000 JavaThread "Daemon client event forwarder" [_thread_blocked, id=2688, stack(0x0000000fef400000,0x0000000fef500000)]
  0x0000015e3ad55000 JavaThread "Cache worker for journal cache (C:\Users\gugaf\.gradle\caches\journal-1)" [_thread_blocked, id=11124, stack(0x0000000fef500000,0x0000000fef600000)]
  0x0000015e3ad54800 JavaThread "File lock request listener" [_thread_in_native, id=2196, stack(0x0000000fef600000,0x0000000fef700000)]
  0x0000015e3ad53800 JavaThread "Cache worker for file hash cache (C:\Users\gugaf\.gradle\caches\7.2\fileHashes)" [_thread_blocked, id=8300, stack(0x0000000fef700000,0x0000000fef800000)]
  0x0000015e3ad56000 JavaThread "Cache worker for file hash cache (C:\Users\gugaf\AndroidStudioProjects\HaydeenCRM\.gradle\7.2\fileHashes)" [_thread_blocked, id=7900, stack(0x0000000fef800000,0x0000000fef900000)]
  0x0000015e3ad50000 JavaThread "File watcher server" daemon [_thread_in_native, id=10924, stack(0x0000000fef900000,0x0000000fefa00000)]
  0x0000015e3ad57000 JavaThread "File watcher consumer" daemon [_thread_blocked, id=9956, stack(0x0000000fefa00000,0x0000000fefb00000)]
  0x0000015e3ad51000 JavaThread "Cache worker for checksums cache (C:\Users\gugaf\AndroidStudioProjects\HaydeenCRM\.gradle\checksums)" [_thread_blocked, id=8264, stack(0x0000000fefb00000,0x0000000fefc00000)]
  0x0000015e3ad5d800 JavaThread "Cache worker for cache directory md-supplier (C:\Users\gugaf\.gradle\caches\7.2\md-supplier)" [_thread_blocked, id=7984, stack(0x0000000fefc00000,0x0000000fefd00000)]
=>0x0000015e3cd78000 JavaThread "C2 CompilerThread1" daemon [_thread_in_native, id=1728, stack(0x0000000fefd00000,0x0000000fefe00000)]
  0x0000015e3ad57800 JavaThread "Cache worker for cache directory md-rule (C:\Users\gugaf\.gradle\caches\7.2\md-rule)" [_thread_blocked, id=12300, stack(0x0000000fefe00000,0x0000000feff00000)]
  0x0000015e3ad5b000 JavaThread "Cache worker for execution history cache (C:\Users\gugaf\.gradle\caches\7.2\executionHistory)" [_thread_blocked, id=12832, stack(0x0000000feff00000,0x0000000ff0000000)]
  0x0000015e3ad5b800 JavaThread "jar transforms" [_thread_blocked, id=11380, stack(0x0000000ff0000000,0x0000000ff0100000)]
  0x0000015e3ad5a000 JavaThread "Cache worker for file content cache (C:\Users\gugaf\.gradle\caches\7.2\fileContent)" [_thread_blocked, id=7312, stack(0x0000000ff0100000,0x0000000ff0200000)]
  0x0000015e3ad58800 JavaThread "jar transforms Thread 2" [_thread_blocked, id=8660, stack(0x0000000ff0200000,0x0000000ff0300000)]
  0x0000015e3ad5c800 JavaThread "Cache worker for dependencies-accessors (C:\Users\gugaf\AndroidStudioProjects\HaydeenCRM\.gradle\7.2\dependencies-accessors)" [_thread_blocked, id=8100, stack(0x0000000ff0300000,0x0000000ff0400000)]
  0x0000015e3b7d3000 JavaThread "jar transforms Thread 3" [_thread_blocked, id=14120, stack(0x0000000ff0400000,0x0000000ff0500000)]

Other Threads:
  0x0000015e38b4c800 VMThread "VM Thread" [stack: 0x0000000fedd00000,0x0000000fede00000] [id=13300]
  0x0000015e3968d000 WatcherThread [stack: 0x0000000fee700000,0x0000000fee800000] [id=412]
  0x0000015e1ef87800 GCTaskThread "GC Thread#0" [stack: 0x0000000fed800000,0x0000000fed900000] [id=13064]
  0x0000015e3a0d8800 GCTaskThread "GC Thread#1" [stack: 0x0000000fee900000,0x0000000feea00000] [id=6492]
  0x0000015e39a55000 GCTaskThread "GC Thread#2" [stack: 0x0000000feea00000,0x0000000feeb00000] [id=13396]
  0x0000015e3a807800 GCTaskThread "GC Thread#3" [stack: 0x0000000fef100000,0x0000000fef200000] [id=13168]
  0x0000015e1efb7800 ConcurrentGCThread "G1 Main Marker" [stack: 0x0000000fed900000,0x0000000feda00000] [id=10596]
  0x0000015e1efb8800 ConcurrentGCThread "G1 Conc#0" [stack: 0x0000000feda00000,0x0000000fedb00000] [id=1604]
  0x0000015e1f045800 ConcurrentGCThread "G1 Refine#0" [stack: 0x0000000fedb00000,0x0000000fedc00000] [id=12236]
  0x0000015e1f046800 ConcurrentGCThread "G1 Young RemSet Sampling" [stack: 0x0000000fedc00000,0x0000000fedd00000] [id=10616]

Threads with active compile tasks:
C2 CompilerThread0  11561 3737       4       org.codehaus.groovy.runtime.metaclass.MetaMethodIndex::addMethodToList (131 bytes)
C2 CompilerThread1  11561 3794       4       groovy.lang.MetaClassImpl$1MOPIter::methodNameAction (325 bytes)

VM state:not at safepoint (normal execution)

VM Mutex/Monitor currently owned by a thread: None

Heap address: 0x0000000080000000, size: 2048 MB, Compressed Oops mode: 32-bit
Narrow klass base: 0x0000000000000000, Narrow klass shift: 3
Compressed class space size: 1073741824 Address: 0x0000000100000000

Heap:
 garbage-first heap   total 155648K, used 44500K [0x0000000080000000, 0x0000000100000000)
  region size 1024K, 23 young (23552K), 7 survivors (7168K)
 Metaspace       used 44674K, capacity 45769K, committed 45824K, reserved 1089536K
  class space    used 5724K, capacity 6131K, committed 6144K, reserved 1048576K
Heap Regions: E=young(eden), S=young(survivor), O=old, HS=humongous(starts), HC=humongous(continues), CS=collection set, F=free, A=archive, TAMS=top-at-mark-start (previous, next)
|   0|0x0000000080000000, 0x0000000080100000, 0x0000000080100000|100%| O|  |TAMS 0x0000000080100000, 0x0000000080000000| Untracked 
|   1|0x0000000080100000, 0x0000000080200000, 0x0000000080200000|100%| O|  |TAMS 0x0000000080200000, 0x0000000080100000| Untracked 
|   2|0x0000000080200000, 0x0000000080300000, 0x0000000080300000|100%| O|  |TAMS 0x0000000080300000, 0x0000000080200000| Untracked 
|   3|0x0000000080300000, 0x0000000080400000, 0x0000000080400000|100%|HS|  |TAMS 0x0000000080400000, 0x0000000080300000| Complete 
|   4|0x0000000080400000, 0x0000000080500000, 0x0000000080500000|100%|HC|  |TAMS 0x0000000080500000, 0x0000000080400000| Complete 
|   5|0x0000000080500000, 0x0000000080600000, 0x0000000080600000|100%|HC|  |TAMS 0x0000000080600000, 0x0000000080500000| Complete 
|   6|0x0000000080600000, 0x0000000080700000, 0x0000000080700000|100%| O|  |TAMS 0x0000000080700000, 0x0000000080600000| Untracked 
|   7|0x0000000080700000, 0x0000000080800000, 0x0000000080800000|100%| O|  |TAMS 0x0000000080800000, 0x0000000080700000| Untracked 
|   8|0x0000000080800000, 0x0000000080900000, 0x0000000080900000|100%| O|  |TAMS 0x0000000080900000, 0x0000000080800000| Untracked 
|   9|0x0000000080900000, 0x0000000080a00000, 0x0000000080a00000|100%| O|  |TAMS 0x0000000080a00000, 0x0000000080900000| Untracked 
|  10|0x0000000080a00000, 0x0000000080b00000, 0x0000000080b00000|100%| O|  |TAMS 0x0000000080b00000, 0x0000000080a00000| Untracked 
|  11|0x0000000080b00000, 0x0000000080c00000, 0x0000000080c00000|100%| O|  |TAMS 0x0000000080c00000, 0x0000000080b00000| Untracked 
|  12|0x0000000080c00000, 0x0000000080d00000, 0x0000000080d00000|100%| O|  |TAMS 0x0000000080d00000, 0x0000000080c00000| Untracked 
|  13|0x0000000080d00000, 0x0000000080e00000, 0x0000000080e00000|100%| O|  |TAMS 0x0000000080e00000, 0x0000000080d00000| Untracked 
|  14|0x0000000080e00000, 0x0000000080f00000, 0x0000000080f00000|100%| O|  |TAMS 0x0000000080f00000, 0x0000000080e00000| Untracked 
|  15|0x0000000080f00000, 0x0000000081000000, 0x0000000081000000|100%| O|  |TAMS 0x0000000081000000, 0x0000000080f00000| Untracked 
|  16|0x0000000081000000, 0x0000000081000000, 0x0000000081100000|  0%| F|  |TAMS 0x0000000081000000, 0x0000000081000000| Untracked 
|  17|0x0000000081100000, 0x0000000081200000, 0x0000000081200000|100%| O|  |TAMS 0x0000000081200000, 0x0000000081100000| Untracked 
|  18|0x0000000081200000, 0x0000000081300000, 0x0000000081300000|100%| O|  |TAMS 0x0000000081300000, 0x0000000081200000| Untracked 
|  19|0x0000000081300000, 0x0000000081400000, 0x0000000081400000|100%| O|  |TAMS 0x0000000081400000, 0x0000000081300000| Untracked 
|  20|0x0000000081400000, 0x0000000081500000, 0x0000000081500000|100%| O|  |TAMS 0x0000000081500000, 0x0000000081400000| Untracked 
|  21|0x0000000081500000, 0x0000000081600000, 0x0000000081600000|100%| O|  |TAMS 0x0000000081600000, 0x0000000081500000| Untracked 
|  22|0x0000000081600000, 0x0000000081675200, 0x0000000081700000| 45%| O|  |TAMS 0x0000000081675200, 0x0000000081600000| Untracked 
|  23|0x0000000081700000, 0x0000000081700000, 0x0000000081800000|  0%| F|  |TAMS 0x0000000081700000, 0x0000000081700000| Untracked 
|  24|0x0000000081800000, 0x0000000081800000, 0x0000000081900000|  0%| F|  |TAMS 0x0000000081800000, 0x0000000081800000| Untracked 
|  25|0x0000000081900000, 0x0000000081900000, 0x0000000081a00000|  0%| F|  |TAMS 0x0000000081900000, 0x0000000081900000| Untracked 
|  26|0x0000000081a00000, 0x0000000081a00000, 0x0000000081b00000|  0%| F|  |TAMS 0x0000000081a00000, 0x0000000081a00000| Untracked 
|  27|0x0000000081b00000, 0x0000000081b00000, 0x0000000081c00000|  0%| F|  |TAMS 0x0000000081b00000, 0x0000000081b00000| Untracked 
|  28|0x0000000081c00000, 0x0000000081c00000, 0x0000000081d00000|  0%| F|  |TAMS 0x0000000081c00000, 0x0000000081c00000| Untracked 
|  29|0x0000000081d00000, 0x0000000081d00000, 0x0000000081e00000|  0%| F|  |TAMS 0x0000000081d00000, 0x0000000081d00000| Untracked 
|  30|0x0000000081e00000, 0x0000000081e00000, 0x0000000081f00000|  0%| F|  |TAMS 0x0000000081e00000, 0x0000000081e00000| Untracked 
|  31|0x0000000081f00000, 0x0000000081f00000, 0x0000000082000000|  0%| F|  |TAMS 0x0000000081f00000, 0x0000000081f00000| Untracked 
|  32|0x0000000082000000, 0x0000000082000000, 0x0000000082100000|  0%| F|  |TAMS 0x0000000082000000, 0x0000000082000000| Untracked 
|  33|0x0000000082100000, 0x0000000082100000, 0x0000000082200000|  0%| F|  |TAMS 0x0000000082100000, 0x0000000082100000| Untracked 
|  34|0x0000000082200000, 0x0000000082200000, 0x0000000082300000|  0%| F|  |TAMS 0x0000000082200000, 0x0000000082200000| Untracked 
|  35|0x0000000082300000, 0x0000000082300000, 0x0000000082400000|  0%| F|  |TAMS 0x0000000082300000, 0x0000000082300000| Untracked 
|  36|0x0000000082400000, 0x0000000082400000, 0x0000000082500000|  0%| F|  |TAMS 0x0000000082400000, 0x0000000082400000| Untracked 
|  37|0x0000000082500000, 0x0000000082500000, 0x0000000082600000|  0%| F|  |TAMS 0x0000000082500000, 0x0000000082500000| Untracked 
|  38|0x0000000082600000, 0x0000000082600000, 0x0000000082700000|  0%| F|  |TAMS 0x0000000082600000, 0x0000000082600000| Untracked 
|  39|0x0000000082700000, 0x0000000082700000, 0x0000000082800000|  0%| F|  |TAMS 0x0000000082700000, 0x0000000082700000| Untracked 
|  40|0x0000000082800000, 0x0000000082800000, 0x0000000082900000|  0%| F|  |TAMS 0x0000000082800000, 0x0000000082800000| Untracked 
|  41|0x0000000082900000, 0x0000000082900000, 0x0000000082a00000|  0%| F|  |TAMS 0x0000000082900000, 0x0000000082900000| Untracked 
|  42|0x0000000082a00000, 0x0000000082a00000, 0x0000000082b00000|  0%| F|  |TAMS 0x0000000082a00000, 0x0000000082a00000| Untracked 
|  43|0x0000000082b00000, 0x0000000082b00000, 0x0000000082c00000|  0%| F|  |TAMS 0x0000000082b00000, 0x0000000082b00000| Untracked 
|  44|0x0000000082c00000, 0x0000000082c00000, 0x0000000082d00000|  0%| F|  |TAMS 0x0000000082c00000, 0x0000000082c00000| Untracked 
|  45|0x0000000082d00000, 0x0000000082d00000, 0x0000000082e00000|  0%| F|  |TAMS 0x0000000082d00000, 0x0000000082d00000| Untracked 
|  46|0x0000000082e00000, 0x0000000082e00000, 0x0000000082f00000|  0%| F|  |TAMS 0x0000000082e00000, 0x0000000082e00000| Untracked 
|  47|0x0000000082f00000, 0x0000000082f00000, 0x0000000083000000|  0%| F|  |TAMS 0x0000000082f00000, 0x0000000082f00000| Untracked 
|  48|0x0000000083000000, 0x0000000083000000, 0x0000000083100000|  0%| F|  |TAMS 0x0000000083000000, 0x0000000083000000| Untracked 
|  49|0x0000000083100000, 0x0000000083100000, 0x0000000083200000|  0%| F|  |TAMS 0x0000000083100000, 0x0000000083100000| Untracked 
|  50|0x0000000083200000, 0x0000000083200000, 0x0000000083300000|  0%| F|  |TAMS 0x0000000083200000, 0x0000000083200000| Untracked 
|  51|0x0000000083300000, 0x0000000083300000, 0x0000000083400000|  0%| F|  |TAMS 0x0000000083300000, 0x0000000083300000| Untracked 
|  52|0x0000000083400000, 0x0000000083400000, 0x0000000083500000|  0%| F|  |TAMS 0x0000000083400000, 0x0000000083400000| Untracked 
|  53|0x0000000083500000, 0x0000000083500000, 0x0000000083600000|  0%| F|  |TAMS 0x0000000083500000, 0x0000000083500000| Untracked 
|  54|0x0000000083600000, 0x0000000083600000, 0x0000000083700000|  0%| F|  |TAMS 0x0000000083600000, 0x0000000083600000| Untracked 
|  55|0x0000000083700000, 0x0000000083700000, 0x0000000083800000|  0%| F|  |TAMS 0x0000000083700000, 0x0000000083700000| Untracked 
|  56|0x0000000083800000, 0x0000000083800000, 0x0000000083900000|  0%| F|  |TAMS 0x0000000083800000, 0x0000000083800000| Untracked 
|  57|0x0000000083900000, 0x0000000083900000, 0x0000000083a00000|  0%| F|  |TAMS 0x0000000083900000, 0x0000000083900000| Untracked 
|  58|0x0000000083a00000, 0x0000000083a00000, 0x0000000083b00000|  0%| F|  |TAMS 0x0000000083a00000, 0x0000000083a00000| Untracked 
|  59|0x0000000083b00000, 0x0000000083b00000, 0x0000000083c00000|  0%| F|  |TAMS 0x0000000083b00000, 0x0000000083b00000| Untracked 
|  60|0x0000000083c00000, 0x0000000083c00000, 0x0000000083d00000|  0%| F|  |TAMS 0x0000000083c00000, 0x0000000083c00000| Untracked 
|  61|0x0000000083d00000, 0x0000000083d00000, 0x0000000083e00000|  0%| F|  |TAMS 0x0000000083d00000, 0x0000000083d00000| Untracked 
|  62|0x0000000083e00000, 0x0000000083e00000, 0x0000000083f00000|  0%| F|  |TAMS 0x0000000083e00000, 0x0000000083e00000| Untracked 
|  63|0x0000000083f00000, 0x0000000083f00000, 0x0000000084000000|  0%| F|  |TAMS 0x0000000083f00000, 0x0000000083f00000| Untracked 
|  64|0x0000000084000000, 0x0000000084000000, 0x0000000084100000|  0%| F|  |TAMS 0x0000000084000000, 0x0000000084000000| Untracked 
|  65|0x0000000084100000, 0x0000000084100000, 0x0000000084200000|  0%| F|  |TAMS 0x0000000084100000, 0x0000000084100000| Untracked 
|  66|0x0000000084200000, 0x0000000084200000, 0x0000000084300000|  0%| F|  |TAMS 0x0000000084200000, 0x0000000084200000| Untracked 
|  67|0x0000000084300000, 0x0000000084300000, 0x0000000084400000|  0%| F|  |TAMS 0x0000000084300000, 0x0000000084300000| Untracked 
|  68|0x0000000084400000, 0x0000000084400000, 0x0000000084500000|  0%| F|  |TAMS 0x0000000084400000, 0x0000000084400000| Untracked 
|  69|0x0000000084500000, 0x0000000084500000, 0x0000000084600000|  0%| F|  |TAMS 0x0000000084500000, 0x0000000084500000| Untracked 
|  70|0x0000000084600000, 0x0000000084600000, 0x0000000084700000|  0%| F|  |TAMS 0x0000000084600000, 0x0000000084600000| Untracked 
|  71|0x0000000084700000, 0x0000000084700000, 0x0000000084800000|  0%| F|  |TAMS 0x0000000084700000, 0x0000000084700000| Untracked 
|  72|0x0000000084800000, 0x0000000084800000, 0x0000000084900000|  0%| F|  |TAMS 0x0000000084800000, 0x0000000084800000| Untracked 
|  73|0x0000000084900000, 0x0000000084900000, 0x0000000084a00000|  0%| F|  |TAMS 0x0000000084900000, 0x0000000084900000| Untracked 
|  74|0x0000000084a00000, 0x0000000084a00000, 0x0000000084b00000|  0%| F|  |TAMS 0x0000000084a00000, 0x0000000084a00000| Untracked 
|  75|0x0000000084b00000, 0x0000000084b00000, 0x0000000084c00000|  0%| F|  |TAMS 0x0000000084b00000, 0x0000000084b00000| Untracked 
|  76|0x0000000084c00000, 0x0000000084c00000, 0x0000000084d00000|  0%| F|  |TAMS 0x0000000084c00000, 0x0000000084c00000| Untracked 
|  77|0x0000000084d00000, 0x0000000084d00000, 0x0000000084e00000|  0%| F|  |TAMS 0x0000000084d00000, 0x0000000084d00000| Untracked 
|  78|0x0000000084e00000, 0x0000000084e00000, 0x0000000084f00000|  0%| F|  |TAMS 0x0000000084e00000, 0x0000000084e00000| Untracked 
|  79|0x0000000084f00000, 0x0000000084f00000, 0x0000000085000000|  0%| F|  |TAMS 0x0000000084f00000, 0x0000000084f00000| Untracked 
|  80|0x0000000085000000, 0x0000000085000000, 0x0000000085100000|  0%| F|  |TAMS 0x0000000085000000, 0x0000000085000000| Untracked 
|  81|0x0000000085100000, 0x0000000085100000, 0x0000000085200000|  0%| F|  |TAMS 0x0000000085100000, 0x0000000085100000| Untracked 
|  82|0x0000000085200000, 0x0000000085200000, 0x0000000085300000|  0%| F|  |TAMS 0x0000000085200000, 0x0000000085200000| Untracked 
|  83|0x0000000085300000, 0x0000000085300000, 0x0000000085400000|  0%| F|  |TAMS 0x0000000085300000, 0x0000000085300000| Untracked 
|  84|0x0000000085400000, 0x0000000085400000, 0x0000000085500000|  0%| F|  |TAMS 0x0000000085400000, 0x0000000085400000| Untracked 
|  85|0x0000000085500000, 0x0000000085500000, 0x0000000085600000|  0%| F|  |TAMS 0x0000000085500000, 0x0000000085500000| Untracked 
|  86|0x0000000085600000, 0x0000000085600000, 0x0000000085700000|  0%| F|  |TAMS 0x0000000085600000, 0x0000000085600000| Untracked 
|  87|0x0000000085700000, 0x0000000085700000, 0x0000000085800000|  0%| F|  |TAMS 0x0000000085700000, 0x0000000085700000| Untracked 
|  88|0x0000000085800000, 0x0000000085800000, 0x0000000085900000|  0%| F|  |TAMS 0x0000000085800000, 0x0000000085800000| Untracked 
|  89|0x0000000085900000, 0x0000000085900000, 0x0000000085a00000|  0%| F|  |TAMS 0x0000000085900000, 0x0000000085900000| Untracked 
|  90|0x0000000085a00000, 0x0000000085a00000, 0x0000000085b00000|  0%| F|  |TAMS 0x0000000085a00000, 0x0000000085a00000| Untracked 
|  91|0x0000000085b00000, 0x0000000085b00000, 0x0000000085c00000|  0%| F|  |TAMS 0x0000000085b00000, 0x0000000085b00000| Untracked 
|  92|0x0000000085c00000, 0x0000000085c00000, 0x0000000085d00000|  0%| F|  |TAMS 0x0000000085c00000, 0x0000000085c00000| Untracked 
|  93|0x0000000085d00000, 0x0000000085d00000, 0x0000000085e00000|  0%| F|  |TAMS 0x0000000085d00000, 0x0000000085d00000| Untracked 
|  94|0x0000000085e00000, 0x0000000085e00000, 0x0000000085f00000|  0%| F|  |TAMS 0x0000000085e00000, 0x0000000085e00000| Untracked 
|  95|0x0000000085f00000, 0x0000000085f00000, 0x0000000086000000|  0%| F|  |TAMS 0x0000000085f00000, 0x0000000085f00000| Untracked 
|  96|0x0000000086000000, 0x0000000086000000, 0x0000000086100000|  0%| F|  |TAMS 0x0000000086000000, 0x0000000086000000| Untracked 
|  97|0x0000000086100000, 0x0000000086100000, 0x0000000086200000|  0%| F|  |TAMS 0x0000000086100000, 0x0000000086100000| Untracked 
|  98|0x0000000086200000, 0x0000000086200000, 0x0000000086300000|  0%| F|  |TAMS 0x0000000086200000, 0x0000000086200000| Untracked 
|  99|0x0000000086300000, 0x0000000086300000, 0x0000000086400000|  0%| F|  |TAMS 0x0000000086300000, 0x0000000086300000| Untracked 
| 100|0x0000000086400000, 0x0000000086400000, 0x0000000086500000|  0%| F|  |TAMS 0x0000000086400000, 0x0000000086400000| Untracked 
| 101|0x0000000086500000, 0x0000000086500000, 0x0000000086600000|  0%| F|  |TAMS 0x0000000086500000, 0x0000000086500000| Untracked 
| 102|0x0000000086600000, 0x0000000086600000, 0x0000000086700000|  0%| F|  |TAMS 0x0000000086600000, 0x0000000086600000| Untracked 
| 103|0x0000000086700000, 0x0000000086800000, 0x0000000086800000|100%| S|CS|TAMS 0x0000000086700000, 0x0000000086700000| Complete 
| 104|0x0000000086800000, 0x0000000086900000, 0x0000000086900000|100%| S|CS|TAMS 0x0000000086800000, 0x0000000086800000| Complete 
| 105|0x0000000086900000, 0x0000000086a00000, 0x0000000086a00000|100%| S|CS|TAMS 0x0000000086900000, 0x0000000086900000| Complete 
| 106|0x0000000086a00000, 0x0000000086b00000, 0x0000000086b00000|100%| S|CS|TAMS 0x0000000086a00000, 0x0000000086a00000| Complete 
| 107|0x0000000086b00000, 0x0000000086c00000, 0x0000000086c00000|100%| S|CS|TAMS 0x0000000086b00000, 0x0000000086b00000| Complete 
| 108|0x0000000086c00000, 0x0000000086d00000, 0x0000000086d00000|100%| S|CS|TAMS 0x0000000086c00000, 0x0000000086c00000| Complete 
| 109|0x0000000086d00000, 0x0000000086e00000, 0x0000000086e00000|100%| S|CS|TAMS 0x0000000086d00000, 0x0000000086d00000| Complete 
| 110|0x0000000086e00000, 0x0000000086e00000, 0x0000000086f00000|  0%| F|  |TAMS 0x0000000086e00000, 0x0000000086e00000| Untracked 
| 111|0x0000000086f00000, 0x0000000086f00000, 0x0000000087000000|  0%| F|  |TAMS 0x0000000086f00000, 0x0000000086f00000| Untracked 
| 112|0x0000000087000000, 0x0000000087000000, 0x0000000087100000|  0%| F|  |TAMS 0x0000000087000000, 0x0000000087000000| Untracked 
| 113|0x0000000087100000, 0x0000000087100000, 0x0000000087200000|  0%| F|  |TAMS 0x0000000087100000, 0x0000000087100000| Untracked 
| 114|0x0000000087200000, 0x0000000087200000, 0x0000000087300000|  0%| F|  |TAMS 0x0000000087200000, 0x0000000087200000| Untracked 
| 115|0x0000000087300000, 0x0000000087300000, 0x0000000087400000|  0%| F|  |TAMS 0x0000000087300000, 0x0000000087300000| Untracked 
| 116|0x0000000087400000, 0x0000000087400000, 0x0000000087500000|  0%| F|  |TAMS 0x0000000087400000, 0x0000000087400000| Untracked 
| 117|0x0000000087500000, 0x0000000087500000, 0x0000000087600000|  0%| F|  |TAMS 0x0000000087500000, 0x0000000087500000| Untracked 
| 118|0x0000000087600000, 0x0000000087600000, 0x0000000087700000|  0%| F|  |TAMS 0x0000000087600000, 0x0000000087600000| Untracked 
| 119|0x0000000087700000, 0x0000000087700000, 0x0000000087800000|  0%| F|  |TAMS 0x0000000087700000, 0x0000000087700000| Untracked 
| 120|0x0000000087800000, 0x0000000087800000, 0x0000000087900000|  0%| F|  |TAMS 0x0000000087800000, 0x0000000087800000| Untracked 
| 121|0x0000000087900000, 0x0000000087900000, 0x0000000087a00000|  0%| F|  |TAMS 0x0000000087900000, 0x0000000087900000| Untracked 
| 122|0x0000000087a00000, 0x0000000087a00000, 0x0000000087b00000|  0%| F|  |TAMS 0x0000000087a00000, 0x0000000087a00000| Untracked 
| 123|0x0000000087b00000, 0x0000000087b00000, 0x0000000087c00000|  0%| F|  |TAMS 0x0000000087b00000, 0x0000000087b00000| Untracked 
| 124|0x0000000087c00000, 0x0000000087c00000, 0x0000000087d00000|  0%| F|  |TAMS 0x0000000087c00000, 0x0000000087c00000| Untracked 
| 125|0x0000000087d00000, 0x0000000087d00000, 0x0000000087e00000|  0%| F|  |TAMS 0x0000000087d00000, 0x0000000087d00000| Untracked 
| 126|0x0000000087e00000, 0x0000000087e00000, 0x0000000087f00000|  0%| F|  |TAMS 0x0000000087e00000, 0x0000000087e00000| Untracked 
| 127|0x0000000087f00000, 0x0000000087f00000, 0x0000000088000000|  0%| F|  |TAMS 0x0000000087f00000, 0x0000000087f00000| Untracked 
| 128|0x0000000088000000, 0x0000000088000000, 0x0000000088100000|  0%| F|  |TAMS 0x0000000088000000, 0x0000000088000000| Untracked 
| 129|0x0000000088100000, 0x0000000088100000, 0x0000000088200000|  0%| F|  |TAMS 0x0000000088100000, 0x0000000088100000| Untracked 
| 130|0x0000000088200000, 0x0000000088200000, 0x0000000088300000|  0%| F|  |TAMS 0x0000000088200000, 0x0000000088200000| Untracked 
| 131|0x0000000088300000, 0x0000000088300000, 0x0000000088400000|  0%| F|  |TAMS 0x0000000088300000, 0x0000000088300000| Untracked 
| 132|0x0000000088400000, 0x0000000088400000, 0x0000000088500000|  0%| F|  |TAMS 0x0000000088400000, 0x0000000088400000| Untracked 
| 133|0x0000000088500000, 0x0000000088500000, 0x0000000088600000|  0%| F|  |TAMS 0x0000000088500000, 0x0000000088500000| Untracked 
| 134|0x0000000088600000, 0x0000000088600000, 0x0000000088700000|  0%| F|  |TAMS 0x0000000088600000, 0x0000000088600000| Untracked 
| 135|0x0000000088700000, 0x0000000088700000, 0x0000000088800000|  0%| F|  |TAMS 0x0000000088700000, 0x0000000088700000| Untracked 
| 136|0x0000000088800000, 0x0000000088882ca0, 0x0000000088900000| 51%| E|  |TAMS 0x0000000088800000, 0x0000000088800000| Complete 
| 137|0x0000000088900000, 0x0000000088a00000, 0x0000000088a00000|100%| E|CS|TAMS 0x0000000088900000, 0x0000000088900000| Complete 
| 138|0x0000000088a00000, 0x0000000088b00000, 0x0000000088b00000|100%| E|CS|TAMS 0x0000000088a00000, 0x0000000088a00000| Complete 
| 139|0x0000000088b00000, 0x0000000088c00000, 0x0000000088c00000|100%| E|CS|TAMS 0x0000000088b00000, 0x0000000088b00000| Complete 
| 140|0x0000000088c00000, 0x0000000088d00000, 0x0000000088d00000|100%| E|CS|TAMS 0x0000000088c00000, 0x0000000088c00000| Complete 
| 141|0x0000000088d00000, 0x0000000088e00000, 0x0000000088e00000|100%| E|CS|TAMS 0x0000000088d00000, 0x0000000088d00000| Complete 
| 142|0x0000000088e00000, 0x0000000088f00000, 0x0000000088f00000|100%| E|CS|TAMS 0x0000000088e00000, 0x0000000088e00000| Complete 
| 143|0x0000000088f00000, 0x0000000089000000, 0x0000000089000000|100%| E|CS|TAMS 0x0000000088f00000, 0x0000000088f00000| Complete 
| 144|0x0000000089000000, 0x0000000089100000, 0x0000000089100000|100%| E|CS|TAMS 0x0000000089000000, 0x0000000089000000| Complete 
| 145|0x0000000089100000, 0x0000000089200000, 0x0000000089200000|100%| E|CS|TAMS 0x0000000089100000, 0x0000000089100000| Complete 
| 146|0x0000000089200000, 0x0000000089300000, 0x0000000089300000|100%| E|CS|TAMS 0x0000000089200000, 0x0000000089200000| Complete 
| 147|0x0000000089300000, 0x0000000089400000, 0x0000000089400000|100%| E|CS|TAMS 0x0000000089300000, 0x0000000089300000| Complete 
| 148|0x0000000089400000, 0x0000000089500000, 0x0000000089500000|100%| E|CS|TAMS 0x0000000089400000, 0x0000000089400000| Complete 
| 149|0x0000000089500000, 0x0000000089600000, 0x0000000089600000|100%| E|CS|TAMS 0x0000000089500000, 0x0000000089500000| Complete 
| 150|0x0000000089600000, 0x0000000089700000, 0x0000000089700000|100%| E|CS|TAMS 0x0000000089600000, 0x0000000089600000| Complete 
| 151|0x0000000089700000, 0x0000000089800000, 0x0000000089800000|100%| E|CS|TAMS 0x0000000089700000, 0x0000000089700000| Complete 

Card table byte_map: [0x0000015e31e70000,0x0000015e32270000] _byte_map_base: 0x0000015e31a70000

Marking Bits (Prev, Next): (CMBitMap*) 0x0000015e1efae750, (CMBitMap*) 0x0000015e1efae718
 Prev Bits: [0x0000015e34670000, 0x0000015e36670000)
 Next Bits: [0x0000015e32670000, 0x0000015e34670000)

Polling page: 0x0000015e1ce70000

Metaspace:

Usage:
  Non-class:     38.77 MB capacity,    38.06 MB ( 98%) used,   623.51 KB (  2%) free+waste,   105.38 KB ( <1%) overhead. 
      Class:      5.99 MB capacity,     5.59 MB ( 93%) used,   352.12 KB (  6%) free+waste,    50.63 KB ( <1%) overhead. 
       Both:     44.76 MB capacity,    43.65 MB ( 98%) used,   975.63 KB (  2%) free+waste,   156.00 KB ( <1%) overhead. 

Virtual space:
  Non-class space:       40.00 MB reserved,      39.00 MB ( 98%) committed 
      Class space:        1.00 GB reserved,       6.00 MB ( <1%) committed 
             Both:        1.04 GB reserved,      45.00 MB (  4%) committed 

Chunk freelists:
   Non-Class:  42.00 KB
       Class:  13.00 KB
        Both:  55.00 KB

MaxMetaspaceSize: 17179869184.00 GB
CompressedClassSpaceSize: 1.00 GB

CodeHeap 'non-profiled nmethods': size=120064Kb used=2087Kb max_used=2087Kb free=117976Kb
 bounds [0x0000015e2a530000, 0x0000015e2a7a0000, 0x0000015e31a70000]
CodeHeap 'profiled nmethods': size=120000Kb used=8415Kb max_used=8415Kb free=111584Kb
 bounds [0x0000015e23000000, 0x0000015e23840000, 0x0000015e2a530000]
CodeHeap 'non-nmethods': size=5696Kb used=2203Kb max_used=2242Kb free=3492Kb
 bounds [0x0000015e22a70000, 0x0000015e22ce0000, 0x0000015e23000000]
 total_blobs=4595 nmethods=3827 adapters=679
 compilation: enabled
              stopped_count=0, restarted_count=0
 full_count=0

Compilation events (20 events):
Event: 11.389 Thread 0x0000015e38b7a000 3829       3       com.google.common.collect.ObjectArrays::checkElementNotNull (36 bytes)
Event: 11.390 Thread 0x0000015e38b7a000 nmethod 3829 0x0000015e2382ff90 code [0x0000015e23830200, 0x0000015e23830a58]
Event: 11.395 Thread 0x0000015e38b7a000 3830       3       java.lang.invoke.MemberName::equals (69 bytes)
Event: 11.396 Thread 0x0000015e38b7a000 nmethod 3830 0x0000015e23830d90 code [0x0000015e23831040, 0x0000015e23831d38]
Event: 11.402 Thread 0x0000015e38b7a000 3831       3       java.lang.String::indexOf (18 bytes)
Event: 11.402 Thread 0x0000015e38b7a000 nmethod 3831 0x0000015e23832090 code [0x0000015e23832260, 0x0000015e23832528]
Event: 11.402 Thread 0x0000015e38b7a000 3832       3       java.lang.String::indexOf (113 bytes)
Event: 11.403 Thread 0x0000015e38b7a000 nmethod 3832 0x0000015e23832690 code [0x0000015e23832920, 0x0000015e23833348]
Event: 11.404 Thread 0x0000015e38b7a000 3833       3       org.gradle.internal.service.DefaultServiceRegistry$CompositeServiceProvider::getAll (43 bytes)
Event: 11.404 Thread 0x0000015e38b7a000 nmethod 3833 0x0000015e23833790 code [0x0000015e23833960, 0x0000015e23833c08]
Event: 11.404 Thread 0x0000015e38b7a000 3834       3       org.gradle.internal.service.DefaultServiceRegistry$ParentServices::getAll (12 bytes)
Event: 11.404 Thread 0x0000015e38b7a000 nmethod 3834 0x0000015e23833d90 code [0x0000015e23833f40, 0x0000015e23834108]
Event: 11.422 Thread 0x0000015e38b7a000 3835       3       java.net.URI$Parser::scan (76 bytes)
Event: 11.423 Thread 0x0000015e38b7a000 nmethod 3835 0x0000015e23834210 code [0x0000015e23834460, 0x0000015e23834d38]
Event: 11.423 Thread 0x0000015e38b7a000 3836       3       java.net.URI::match (56 bytes)
Event: 11.423 Thread 0x0000015e38b7a000 nmethod 3836 0x0000015e23835110 code [0x0000015e238352c0, 0x0000015e23835578]
Event: 11.474 Thread 0x0000015e38b7a000 3838       3       org.gradle.internal.instantiation.generator.AsmBackedClassGenerator$ClassBuilderImpl::addGetter (56 bytes)
Event: 11.475 Thread 0x0000015e38b7a000 nmethod 3838 0x0000015e23835610 code [0x0000015e23835840, 0x0000015e23835da8]
Event: 11.485 Thread 0x0000015e38b7a000 3839       3       com.google.common.collect.AbstractMapBasedMultimap$WrappedCollection$WrappedIterator::hasNext (14 bytes)
Event: 11.485 Thread 0x0000015e38b7a000 nmethod 3839 0x0000015e23836010 code [0x0000015e23836200, 0x0000015e23836608]

GC Heap History (18 events):
Event: 1.156 GC heap before
{Heap before GC invocations=0 (full 0):
 garbage-first heap   total 129024K, used 19456K [0x0000000080000000, 0x0000000100000000)
  region size 1024K, 14 young (14336K), 0 survivors (0K)
 Metaspace       used 6738K, capacity 6925K, committed 7168K, reserved 1056768K
  class space    used 582K, capacity 650K, committed 768K, reserved 1048576K
}
Event: 1.162 GC heap after
{Heap after GC invocations=1 (full 0):
 garbage-first heap   total 129024K, used 7705K [0x0000000080000000, 0x0000000100000000)
  region size 1024K, 2 young (2048K), 2 survivors (2048K)
 Metaspace       used 6738K, capacity 6925K, committed 7168K, reserved 1056768K
  class space    used 582K, capacity 650K, committed 768K, reserved 1048576K
}
Event: 1.646 GC heap before
{Heap before GC invocations=1 (full 0):
 garbage-first heap   total 129024K, used 15897K [0x0000000080000000, 0x0000000100000000)
  region size 1024K, 10 young (10240K), 2 survivors (2048K)
 Metaspace       used 9933K, capacity 10228K, committed 10368K, reserved 1058816K
  class space    used 1016K, capacity 1073K, committed 1152K, reserved 1048576K
}
Event: 1.650 GC heap after
{Heap after GC invocations=2 (full 0):
 garbage-first heap   total 129024K, used 9237K [0x0000000080000000, 0x0000000100000000)
  region size 1024K, 2 young (2048K), 2 survivors (2048K)
 Metaspace       used 9933K, capacity 10228K, committed 10368K, reserved 1058816K
  class space    used 1016K, capacity 1073K, committed 1152K, reserved 1048576K
}
Event: 2.416 GC heap before
{Heap before GC invocations=2 (full 0):
 garbage-first heap   total 129024K, used 32789K [0x0000000080000000, 0x0000000100000000)
  region size 1024K, 26 young (26624K), 2 survivors (2048K)
 Metaspace       used 11207K, capacity 11444K, committed 11520K, reserved 1058816K
  class space    used 1172K, capacity 1244K, committed 1280K, reserved 1048576K
}
Event: 2.420 GC heap after
{Heap after GC invocations=3 (full 0):
 garbage-first heap   total 129024K, used 10223K [0x0000000080000000, 0x0000000100000000)
  region size 1024K, 3 young (3072K), 3 survivors (3072K)
 Metaspace       used 11207K, capacity 11444K, committed 11520K, reserved 1058816K
  class space    used 1172K, capacity 1244K, committed 1280K, reserved 1048576K
}
Event: 4.296 GC heap before
{Heap before GC invocations=3 (full 0):
 garbage-first heap   total 129024K, used 52207K [0x0000000080000000, 0x0000000100000000)
  region size 1024K, 44 young (45056K), 3 survivors (3072K)
 Metaspace       used 16780K, capacity 17230K, committed 17536K, reserved 1064960K
  class space    used 1935K, capacity 2068K, committed 2176K, reserved 1048576K
}
Event: 4.306 GC heap after
{Heap after GC invocations=4 (full 0):
 garbage-first heap   total 129024K, used 15561K [0x0000000080000000, 0x0000000100000000)
  region size 1024K, 6 young (6144K), 6 survivors (6144K)
 Metaspace       used 16780K, capacity 17230K, committed 17536K, reserved 1064960K
  class space    used 1935K, capacity 2068K, committed 2176K, reserved 1048576K
}
Event: 4.879 GC heap before
{Heap before GC invocations=4 (full 0):
 garbage-first heap   total 129024K, used 48329K [0x0000000080000000, 0x0000000100000000)
  region size 1024K, 39 young (39936K), 6 survivors (6144K)
 Metaspace       used 20672K, capacity 21104K, committed 21296K, reserved 1069056K
  class space    used 2532K, capacity 2660K, committed 2688K, reserved 1048576K
}
Event: 4.891 GC heap after
{Heap after GC invocations=5 (full 0):
 garbage-first heap   total 129024K, used 17094K [0x0000000080000000, 0x0000000100000000)
  region size 1024K, 2 young (2048K), 2 survivors (2048K)
 Metaspace       used 20672K, capacity 21104K, committed 21296K, reserved 1069056K
  class space    used 2532K, capacity 2660K, committed 2688K, reserved 1048576K
}
Event: 6.201 GC heap before
{Heap before GC invocations=6 (full 0):
 garbage-first heap   total 129024K, used 67270K [0x0000000080000000, 0x0000000100000000)
  region size 1024K, 51 young (52224K), 2 survivors (2048K)
 Metaspace       used 25918K, capacity 26572K, committed 26752K, reserved 1073152K
  class space    used 3385K, capacity 3617K, committed 3712K, reserved 1048576K
}
Event: 6.221 GC heap after
{Heap after GC invocations=7 (full 0):
 garbage-first heap   total 129024K, used 18734K [0x0000000080000000, 0x0000000100000000)
  region size 1024K, 4 young (4096K), 4 survivors (4096K)
 Metaspace       used 25918K, capacity 26572K, committed 26752K, reserved 1073152K
  class space    used 3385K, capacity 3617K, committed 3712K, reserved 1048576K
}
Event: 8.245 GC heap before
{Heap before GC invocations=8 (full 0):
 garbage-first heap   total 129024K, used 77102K [0x0000000080000000, 0x0000000100000000)
  region size 1024K, 61 young (62464K), 4 survivors (4096K)
 Metaspace       used 34381K, capacity 35178K, committed 35328K, reserved 1079296K
  class space    used 4464K, capacity 4767K, committed 4864K, reserved 1048576K
}
Event: 8.261 GC heap after
{Heap after GC invocations=9 (full 0):
 garbage-first heap   total 129024K, used 21982K [0x0000000080000000, 0x0000000100000000)
  region size 1024K, 7 young (7168K), 7 survivors (7168K)
 Metaspace       used 34381K, capacity 35178K, committed 35328K, reserved 1079296K
  class space    used 4464K, capacity 4767K, committed 4864K, reserved 1048576K
}
Event: 10.009 GC heap before
{Heap before GC invocations=9 (full 0):
 garbage-first heap   total 129024K, used 90590K [0x0000000080000000, 0x0000000100000000)
  region size 1024K, 72 young (73728K), 7 survivors (7168K)
 Metaspace       used 39738K, capacity 40742K, committed 41088K, reserved 1085440K
  class space    used 5066K, capacity 5403K, committed 5504K, reserved 1048576K
}
Event: 10.031 GC heap after
{Heap after GC invocations=10 (full 0):
 garbage-first heap   total 155648K, used 27811K [0x0000000080000000, 0x0000000100000000)
  region size 1024K, 9 young (9216K), 9 survivors (9216K)
 Metaspace       used 39738K, capacity 40742K, committed 41088K, reserved 1085440K
  class space    used 5066K, capacity 5403K, committed 5504K, reserved 1048576K
}
Event: 11.146 GC heap before
{Heap before GC invocations=10 (full 0):
 garbage-first heap   total 155648K, used 69795K [0x0000000080000000, 0x0000000100000000)
  region size 1024K, 51 young (52224K), 9 survivors (9216K)
 Metaspace       used 43787K, capacity 44811K, committed 44928K, reserved 1087488K
  class space    used 5576K, capacity 5941K, committed 6016K, reserved 1048576K
}
Event: 11.175 GC heap after
{Heap after GC invocations=11 (full 0):
 garbage-first heap   total 155648K, used 29140K [0x0000000080000000, 0x0000000100000000)
  region size 1024K, 7 young (7168K), 7 survivors (7168K)
 Metaspace       used 43787K, capacity 44811K, committed 44928K, reserved 1087488K
  class space    used 5576K, capacity 5941K, committed 6016K, reserved 1048576K
}

Deoptimization events (20 events):
Event: 11.378 Thread 0x0000015e39642800 Uncommon trap: trap_request=0xffffffc6 fr.pc=0x0000015e2a63d4a0 relative=0x0000000000000240
Event: 11.378 Thread 0x0000015e39642800 Uncommon trap: reason=bimorphic_or_optimized_type_check action=maybe_recompile pc=0x0000015e2a63d4a0 method=com.google.common.base.CharMatcher.indexIn(Ljava/lang/CharSequence;I)I @ 31 c2
Event: 11.379 Thread 0x0000015e39642800 DEOPT PACKING pc=0x0000015e2a63d4a0 sp=0x0000000fef0f82d0
Event: 11.379 Thread 0x0000015e39642800 DEOPT UNPACKING pc=0x0000015e22a9662f sp=0x0000000fef0f8278 mode 2
Event: 11.384 Thread 0x0000015e39642800 Uncommon trap: trap_request=0xffffffc6 fr.pc=0x0000015e2a63d4a0 relative=0x0000000000000240
Event: 11.384 Thread 0x0000015e39642800 Uncommon trap: reason=bimorphic_or_optimized_type_check action=maybe_recompile pc=0x0000015e2a63d4a0 method=com.google.common.base.CharMatcher.indexIn(Ljava/lang/CharSequence;I)I @ 31 c2
Event: 11.385 Thread 0x0000015e39642800 DEOPT PACKING pc=0x0000015e2a63d4a0 sp=0x0000000fef0f9bc0
Event: 11.385 Thread 0x0000015e39642800 DEOPT UNPACKING pc=0x0000015e22a9662f sp=0x0000000fef0f9b68 mode 2
Event: 11.419 Thread 0x0000015e39642800 Uncommon trap: trap_request=0xffffff4d fr.pc=0x0000015e2a58ba0c relative=0x00000000000001cc
Event: 11.419 Thread 0x0000015e39642800 Uncommon trap: reason=unstable_if action=reinterpret pc=0x0000015e2a58ba0c method=java.net.URI$Parser.scan(IILjava/lang/String;)I @ 26 c2
Event: 11.419 Thread 0x0000015e39642800 DEOPT PACKING pc=0x0000015e2a58ba0c sp=0x0000000fef0f8f30
Event: 11.419 Thread 0x0000015e39642800 DEOPT UNPACKING pc=0x0000015e22a9662f sp=0x0000000fef0f8ec0 mode 2
Event: 11.419 Thread 0x0000015e39642800 Uncommon trap: trap_request=0xffffff4d fr.pc=0x0000015e2a5845dc relative=0x000000000000011c
Event: 11.419 Thread 0x0000015e39642800 Uncommon trap: reason=unstable_if action=reinterpret pc=0x0000015e2a5845dc method=java.net.URI.match(CJJ)Z @ 45 c2
Event: 11.419 Thread 0x0000015e39642800 DEOPT PACKING pc=0x0000015e2a5845dc sp=0x0000000fef0f8ca0
Event: 11.419 Thread 0x0000015e39642800 DEOPT UNPACKING pc=0x0000015e22a9662f sp=0x0000000fef0f8bd8 mode 2
Event: 11.419 Thread 0x0000015e39642800 Uncommon trap: trap_request=0xffffff4d fr.pc=0x0000015e2a54de68 relative=0x0000000000000048
Event: 11.419 Thread 0x0000015e39642800 Uncommon trap: reason=unstable_if action=reinterpret pc=0x0000015e2a54de68 method=java.net.URI.match(CJJ)Z @ 19 c2
Event: 11.419 Thread 0x0000015e39642800 DEOPT PACKING pc=0x0000015e2a54de68 sp=0x0000000fef0f8cb0
Event: 11.419 Thread 0x0000015e39642800 DEOPT UNPACKING pc=0x0000015e22a9662f sp=0x0000000fef0f8c60 mode 2

Classes redefined (0 events):
No events

Internal exceptions (20 events):
Event: 10.512 Thread 0x0000015e3ad52000 Exception <a 'java/lang/NoSuchMethodError'{0x0000000088801650}: <clinit>> (0x0000000088801650) thrown at [./src/hotspot/share/prims/jni.cpp, line 1362]
Event: 10.513 Thread 0x0000015e3ad52000 Exception <a 'java/lang/NoSuchMethodError'{0x0000000088802d40}: <clinit>> (0x0000000088802d40) thrown at [./src/hotspot/share/prims/jni.cpp, line 1362]
Event: 10.516 Thread 0x0000015e3ad52000 Exception <a 'java/lang/NoSuchMethodError'{0x0000000088811bb0}: <clinit>> (0x0000000088811bb0) thrown at [./src/hotspot/share/prims/jni.cpp, line 1362]
Event: 10.519 Thread 0x0000015e3ad52000 Exception <a 'java/lang/NoSuchMethodError'{0x0000000088813a00}: <clinit>> (0x0000000088813a00) thrown at [./src/hotspot/share/prims/jni.cpp, line 1362]
Event: 10.526 Thread 0x0000015e3ad52000 Exception <a 'java/lang/NoSuchMethodError'{0x0000000088822e80}: <clinit>> (0x0000000088822e80) thrown at [./src/hotspot/share/prims/jni.cpp, line 1362]
Event: 10.762 Thread 0x0000015e39642800 Implicit null exception at 0x0000015e2a60eb74 to 0x0000015e2a60ed84
Event: 10.985 Thread 0x0000015e39642800 Exception <a 'java/lang/ClassNotFoundException'{0x000000008750abf0}: build_96dmtjrs7u8x0t5hrf0dim4m6BeanInfo> (0x000000008750abf0) thrown at [./src/hotspot/share/classfile/systemDictionary.cpp, line 231]
Event: 10.986 Thread 0x0000015e39642800 Exception <a 'java/lang/ClassNotFoundException'{0x00000000875210e8}: org/gradle/api/internal/project/ProjectScriptBeanInfo> (0x00000000875210e8) thrown at [./src/hotspot/share/classfile/systemDictionary.cpp, line 231]
Event: 10.987 Thread 0x0000015e39642800 Exception <a 'java/lang/ClassNotFoundException'{0x0000000087537260}: org/gradle/api/internal/project/ProjectScriptCustomizer> (0x0000000087537260) thrown at [./src/hotspot/share/classfile/systemDictionary.cpp, line 231]
Event: 10.988 Thread 0x0000015e39642800 Exception <a 'java/lang/ClassNotFoundException'{0x00000000875524e0}: build_96dmtjrs7u8x0t5hrf0dim4m6Customizer> (0x00000000875524e0) thrown at [./src/hotspot/share/classfile/systemDictionary.cpp, line 231]
Event: 11.000 Thread 0x0000015e39642800 Exception <a 'java/lang/ClassNotFoundException'{0x00000000875e5328}: org/gradle/api/internal/initialization/DefaultScriptHandlerBeanInfo> (0x00000000875e5328) thrown at [./src/hotspot/share/classfile/systemDictionary.cpp, line 231]
Event: 11.001 Thread 0x0000015e39642800 Exception <a 'java/lang/ClassNotFoundException'{0x000000008740f678}: org/gradle/api/internal/initialization/DefaultScriptHandlerCustomizer> (0x000000008740f678) thrown at [./src/hotspot/share/classfile/systemDictionary.cpp, line 231]
Event: 11.283 Thread 0x0000015e39642800 Exception <a 'java/lang/ClassNotFoundException'{0x0000000089504ef0}: org/gradle/api/internal/artifacts/dsl/dependencies/DefaultDependencyHandler_DecoratedBeanInfo> (0x0000000089504ef0) thrown at [./src/hotspot/share/classfile/systemDictionary.cpp, line 231]
Event: 11.285 Thread 0x0000015e39642800 Exception <a 'java/lang/ClassNotFoundException'{0x0000000089543438}: org/gradle/api/internal/artifacts/dsl/dependencies/DefaultDependencyHandlerBeanInfo> (0x0000000089543438) thrown at [./src/hotspot/share/classfile/systemDictionary.cpp, line 231]
Event: 11.286 Thread 0x0000015e39642800 Exception <a 'java/lang/ClassNotFoundException'{0x0000000089581d88}: org/gradle/api/internal/artifacts/dsl/dependencies/DefaultDependencyHandlerCustomizer> (0x0000000089581d88) thrown at [./src/hotspot/share/classfile/systemDictionary.cpp, line 231]
Event: 11.331 Thread 0x0000015e39642800 Exception <a 'java/lang/ClassNotFoundException'{0x00000000895e9b48}: org/gradle/api/internal/artifacts/dsl/dependencies/DefaultDependencyHandler_DecoratedCustomizer> (0x00000000895e9b48) thrown at [./src/hotspot/share/classfile/systemDictionary.cpp, line 231]
Event: 11.364 Thread 0x0000015e39642800 Exception <a 'java/lang/ClassNotFoundException'{0x00000000893ae4e8}: org/gradle/plugin/use/internal/PluginRequestCollector$PluginDependenciesSpecImplBeanInfo> (0x00000000893ae4e8) thrown at [./src/hotspot/share/classfile/systemDictionary.cpp, line 231]
Event: 11.365 Thread 0x0000015e39642800 Exception <a 'java/lang/ClassNotFoundException'{0x00000000893dd2d0}: org/gradle/plugin/use/internal/PluginRequestCollector$PluginDependenciesSpecImplCustomizer> (0x00000000893dd2d0) thrown at [./src/hotspot/share/classfile/systemDictionary.cpp, line 231]
Event: 11.374 Thread 0x0000015e39642800 Exception <a 'java/lang/ClassNotFoundException'{0x000000008923c2b8}: org/gradle/plugin/use/internal/PluginRequestCollector$PluginDependencySpecImplBeanInfo> (0x000000008923c2b8) thrown at [./src/hotspot/share/classfile/systemDictionary.cpp, line 231]
Event: 11.376 Thread 0x0000015e39642800 Exception <a 'java/lang/ClassNotFoundException'{0x000000008926a328}: org/gradle/plugin/use/internal/PluginRequestCollector$PluginDependencySpecImplCustomizer> (0x000000008926a328) thrown at [./src/hotspot/share/classfile/systemDictionary.cpp, line 231]

Events (20 events):
Event: 11.495 loading class org/gradle/api/internal/artifacts/cache/ModuleResolutionControl
Event: 11.495 loading class org/gradle/api/internal/artifacts/cache/ModuleResolutionControl done
Event: 11.495 loading class org/gradle/api/internal/artifacts/cache/ArtifactResolutionControl
Event: 11.495 loading class org/gradle/api/internal/artifacts/cache/ArtifactResolutionControl done
Event: 11.498 loading class org/gradle/api/internal/artifacts/cache/ArtifactResolutionControl
Event: 11.498 loading class org/gradle/api/internal/artifacts/cache/ArtifactResolutionControl done
Event: 11.499 loading class org/gradle/api/internal/artifacts/ivyservice/dependencysubstitution/DefaultDependencySubstitutions
Event: 11.499 loading class org/gradle/api/internal/artifacts/ivyservice/dependencysubstitution/DefaultDependencySubstitutions done
Event: 11.501 loading class org/gradle/api/artifacts/DependencySubstitutions$Substitution
Event: 11.501 loading class org/gradle/api/artifacts/DependencySubstitutions$Substitution done
Event: 11.502 loading class org/gradle/api/internal/artifacts/ivyservice/dependencysubstitution/DefaultDependencySubstitutions$ProjectPathConverter
Event: 11.502 loading class org/gradle/api/internal/artifacts/ivyservice/dependencysubstitution/DefaultDependencySubstitutions$ProjectPathConverter done
Event: 11.503 loading class org/gradle/api/internal/artifacts/ivyservice/resolveengine/result/ComponentSelectionReasons
Event: 11.503 loading class org/gradle/api/internal/artifacts/ivyservice/resolveengine/result/ComponentSelectionReasons done
Event: 11.504 loading class org/gradle/api/internal/artifacts/ivyservice/resolveengine/result/ComponentSelectionDescriptorInternal
Event: 11.504 loading class org/gradle/api/internal/artifacts/ivyservice/resolveengine/result/ComponentSelectionDescriptorInternal done
Event: 11.505 loading class org/gradle/api/internal/artifacts/ivyservice/resolveengine/result/ComponentSelectionReasonInternal
Event: 11.505 loading class org/gradle/api/internal/artifacts/ivyservice/resolveengine/result/ComponentSelectionReasonInternal done
Event: 11.506 loading class org/gradle/api/artifacts/result/ComponentSelectionReason
Event: 11.506 loading class org/gradle/api/artifacts/result/ComponentSelectionReason done


Dynamic libraries:
0x00007ff6e2960000 - 0x00007ff6e296a000 	C:\Program Files\Android\Android Studio\jre\bin\java.exe
0x00007ff86b390000 - 0x00007ff86b585000 	C:\Windows\SYSTEM32\ntdll.dll
0x00007ff86aae0000 - 0x00007ff86ab9e000 	C:\Windows\System32\KERNEL32.DLL
0x00007ff869120000 - 0x00007ff8693e8000 	C:\Windows\System32\KERNELBASE.dll
0x00007ff868db0000 - 0x00007ff868eb0000 	C:\Windows\System32\ucrtbase.dll
0x00007ff862600000 - 0x00007ff862619000 	C:\Program Files\Android\Android Studio\jre\bin\jli.dll
0x00007ff8579d0000 - 0x00007ff8579e7000 	C:\Program Files\Android\Android Studio\jre\bin\VCRUNTIME140.dll
0x00007ff8694a0000 - 0x00007ff869640000 	C:\Windows\System32\USER32.dll
0x00007ff869040000 - 0x00007ff869062000 	C:\Windows\System32\win32u.dll
0x00007ff869f90000 - 0x00007ff869fbb000 	C:\Windows\System32\GDI32.dll
0x00007ff868eb0000 - 0x00007ff868fbb000 	C:\Windows\System32\gdi32full.dll
0x00007ff868b20000 - 0x00007ff868bbd000 	C:\Windows\System32\msvcp_win.dll
0x00007ff855ac0000 - 0x00007ff855d5a000 	C:\Windows\WinSxS\amd64_microsoft.windows.common-controls_6595b64144ccf1df_6.0.19041.1110_none_60b5254171f9507e\COMCTL32.dll
0x00007ff869ef0000 - 0x00007ff869f8e000 	C:\Windows\System32\msvcrt.dll
0x00007ff8696d0000 - 0x00007ff869700000 	C:\Windows\System32\IMM32.DLL
0x00007ff8489b0000 - 0x00007ff848a4d000 	C:\Program Files\Android\Android Studio\jre\bin\msvcp140.dll
0x00007ff81f310000 - 0x00007ff81fde5000 	C:\Program Files\Android\Android Studio\jre\bin\server\jvm.dll
0x00007ff86ac50000 - 0x00007ff86acfe000 	C:\Windows\System32\ADVAPI32.dll
0x00007ff869700000 - 0x00007ff86979c000 	C:\Windows\System32\sechost.dll
0x00007ff86af10000 - 0x00007ff86b035000 	C:\Windows\System32\RPCRT4.dll
0x00007ff869fc0000 - 0x00007ff869fc8000 	C:\Windows\System32\PSAPI.DLL
0x00007ff861050000 - 0x00007ff861059000 	C:\Windows\SYSTEM32\WSOCK32.dll
0x00007ff86b280000 - 0x00007ff86b2eb000 	C:\Windows\System32\WS2_32.dll
0x00007ff855870000 - 0x00007ff855897000 	C:\Windows\SYSTEM32\WINMM.dll
0x00007ff862820000 - 0x00007ff86282a000 	C:\Windows\SYSTEM32\VERSION.dll
0x00007ff8669c0000 - 0x00007ff8669d2000 	C:\Windows\SYSTEM32\kernel.appcore.dll
0x00007ff857f50000 - 0x00007ff857f61000 	C:\Program Files\Android\Android Studio\jre\bin\verify.dll
0x00007ff853370000 - 0x00007ff853554000 	C:\Windows\SYSTEM32\DBGHELP.DLL
0x00007ff855600000 - 0x00007ff85562c000 	C:\Windows\SYSTEM32\dbgcore.DLL
0x00007ff868bc0000 - 0x00007ff868c42000 	C:\Windows\System32\bcryptPrimitives.dll
0x00007ff84d0d0000 - 0x00007ff84d0f9000 	C:\Program Files\Android\Android Studio\jre\bin\java.dll
0x00007ff860880000 - 0x00007ff86088b000 	C:\Program Files\Android\Android Studio\jre\bin\jimage.dll
0x00007ff850b90000 - 0x00007ff850ba8000 	C:\Program Files\Android\Android Studio\jre\bin\zip.dll
0x00007ff8697a0000 - 0x00007ff869ee4000 	C:\Windows\System32\SHELL32.dll
0x00007ff866bc0000 - 0x00007ff867354000 	C:\Windows\SYSTEM32\windows.storage.dll
0x00007ff86a100000 - 0x00007ff86a454000 	C:\Windows\System32\combase.dll
0x00007ff868440000 - 0x00007ff86846c000 	C:\Windows\SYSTEM32\Wldp.dll
0x00007ff86aba0000 - 0x00007ff86ac4d000 	C:\Windows\System32\SHCORE.dll
0x00007ff86a5e0000 - 0x00007ff86a635000 	C:\Windows\System32\shlwapi.dll
0x00007ff8689f0000 - 0x00007ff868a0f000 	C:\Windows\SYSTEM32\profapi.dll
0x00007ff84dba0000 - 0x00007ff84dbba000 	C:\Program Files\Android\Android Studio\jre\bin\net.dll
0x00007ff8629c0000 - 0x00007ff862ac9000 	C:\Windows\SYSTEM32\WINHTTP.dll
0x00007ff8681a0000 - 0x00007ff86820a000 	C:\Windows\system32\mswsock.dll
0x00007ff84da20000 - 0x00007ff84da34000 	C:\Program Files\Android\Android Studio\jre\bin\nio.dll
0x00007ff850be0000 - 0x00007ff850c07000 	C:\Users\gugaf\.gradle\native\e1d6ef7f7dcc3fd88c89a11ec53ec762bb8ba0a96d01ffa2cd45eb1d1d8dd5c5\windows-amd64\native-platform.dll
0x00007ff836d70000 - 0x00007ff836eb4000 	C:\Users\gugaf\.gradle\native\5664cfc778a61ccfe75a443a1ab52a65af34e5dc3c78e0209fed803814484fcb\windows-amd64\native-platform-file-events.dll
0x00007ff8535f0000 - 0x00007ff8535fa000 	C:\Program Files\Android\Android Studio\jre\bin\management.dll
0x00007ff852230000 - 0x00007ff85223d000 	C:\Program Files\Android\Android Studio\jre\bin\management_ext.dll
0x00007ff868390000 - 0x00007ff8683a8000 	C:\Windows\SYSTEM32\CRYPTSP.dll
0x00007ff867b20000 - 0x00007ff867b54000 	C:\Windows\system32\rsaenh.dll
0x00007ff869010000 - 0x00007ff869037000 	C:\Windows\System32\bcrypt.dll
0x00007ff8689b0000 - 0x00007ff8689de000 	C:\Windows\SYSTEM32\USERENV.dll
0x00007ff8683b0000 - 0x00007ff8683bc000 	C:\Windows\SYSTEM32\CRYPTBASE.dll
0x00007ff867e90000 - 0x00007ff867ecb000 	C:\Windows\SYSTEM32\IPHLPAPI.DLL
0x00007ff86b270000 - 0x00007ff86b278000 	C:\Windows\System32\NSI.dll
0x00007ff85e810000 - 0x00007ff85e827000 	C:\Windows\SYSTEM32\dhcpcsvc6.DLL
0x00007ff860150000 - 0x00007ff86016d000 	C:\Windows\SYSTEM32\dhcpcsvc.DLL
0x00007ff867ed0000 - 0x00007ff867f9a000 	C:\Windows\SYSTEM32\DNSAPI.dll

dbghelp: loaded successfully - version: 4.0.5 - missing functions: none
symbol engine: initialized successfully - sym options: 0x614 - pdb path: .;C:\Program Files\Android\Android Studio\jre\bin;C:\Windows\SYSTEM32;C:\Windows\WinSxS\amd64_microsoft.windows.common-controls_6595b64144ccf1df_6.0.19041.1110_none_60b5254171f9507e;C:\Program Files\Android\Android Studio\jre\bin\server;C:\Users\gugaf\.gradle\native\e1d6ef7f7dcc3fd88c89a11ec53ec762bb8ba0a96d01ffa2cd45eb1d1d8dd5c5\windows-amd64;C:\Users\gugaf\.gradle\native\5664cfc778a61ccfe75a443a1ab52a65af34e5dc3c78e0209fed803814484fcb\windows-amd64

VM Arguments:
jvm_args: --add-opens=java.base/java.util=ALL-UNNAMED --add-opens=java.base/java.lang=ALL-UNNAMED --add-opens=java.base/java.lang.invoke=ALL-UNNAMED --add-opens=java.base/java.util=ALL-UNNAMED --add-opens=java.prefs/java.util.prefs=ALL-UNNAMED --add-opens=java.prefs/java.util.prefs=ALL-UNNAMED --add-opens=java.base/java.nio.charset=ALL-UNNAMED --add-opens=java.base/java.net=ALL-UNNAMED --add-opens=java.base/java.util.concurrent.atomic=ALL-UNNAMED -Xmx2048m -Dfile.encoding=UTF-8 -Duser.country=BR -Duser.language=pt -Duser.variant 
java_command: org.gradle.launcher.daemon.bootstrap.GradleDaemon 7.2
java_class_path (initial): C:\Users\gugaf\.gradle\wrapper\dists\gradle-7.2-bin\2dnblmf4td7x66yl1d74lt32g\gradle-7.2\lib\gradle-launcher-7.2.jar
Launcher Type: SUN_STANDARD

[Global flags]
     intx CICompilerCount                          = 3                                         {product} {ergonomic}
     uint ConcGCThreads                            = 1                                         {product} {ergonomic}
     uint G1ConcRefinementThreads                  = 4                                         {product} {ergonomic}
   size_t G1HeapRegionSize                         = 1048576                                   {product} {ergonomic}
    uintx GCDrainStackTargetSize                   = 64                                        {product} {ergonomic}
   size_t InitialHeapSize                          = 132120576                                 {product} {ergonomic}
   size_t MarkStackSize                            = 4194304                                   {product} {ergonomic}
   size_t MaxHeapSize                              = 2147483648                                {product} {command line}
   size_t MaxNewSize                               = 1287651328                                {product} {ergonomic}
   size_t MinHeapDeltaBytes                        = 1048576                                   {product} {ergonomic}
    uintx NonNMethodCodeHeapSize                   = 5830732                                {pd product} {ergonomic}
    uintx NonProfiledCodeHeapSize                  = 122913754                              {pd product} {ergonomic}
    uintx ProfiledCodeHeapSize                     = 122913754                              {pd product} {ergonomic}
    uintx ReservedCodeCacheSize                    = 251658240                              {pd product} {ergonomic}
     bool SegmentedCodeCache                       = true                                      {product} {ergonomic}
     bool UseCompressedClassPointers               = true                                 {lp64_product} {ergonomic}
     bool UseCompressedOops                        = true                                 {lp64_product} {ergonomic}
     bool UseG1GC                                  = true                                      {product} {ergonomic}
     bool UseLargePagesIndividualAllocation        = false                                  {pd product} {ergonomic}

Logging:
Log output configuration:
 #0: stdout all=warning uptime,level,tags
 #1: stderr all=off uptime,level,tags

Environment Variables:
JAVA_HOME=C:\Program Files\OpenJDK\openjdk-11.0.13_8
PATH=C:\Program Files\Common Files\Oracle\Java\javapath;C:\Program Files (x86)\Common Files\Oracle\Java\javapath;C:\Windows\system32;C:\Windows;C:\Windows\System32\Wbem;C:\Windows\System32\WindowsPowerShell\v1.0\;C:\Windows\System32\OpenSSH\;C:\Program Files\Git\cmd;C:\Program Files\Java\jdk-17.0.2;C:\ProgramData\chocolatey\bin;C:\Program Files\nodejs\;C:\Program Files\OpenJDK\openjdk-11.0.13_8\bin;C:\Users\gugaf\AppData\Local\Microsoft\WindowsApps;C:\Program Files\heroku\bin;C:\Program Files\JetBrains\PyCharm Community Edition 2021.2.2\bin;;C:\Program Files\JetBrains\IntelliJ IDEA Community Edition 2021.3.2\bin;;C:\Users\gugaf\AppData\Roaming\npm;C:\Users\gugaf\AppData\Local\Android\Sdk\platform-tools
USERNAME=gugaf
OS=Windows_NT
PROCESSOR_IDENTIFIER=Intel64 Family 6 Model 142 Stepping 9, GenuineIntel



---------------  S Y S T E M  ---------------

OS: Windows 10 , 64 bit Build 19041 (10.0.19041.1566)
OS uptime: 3 days 14:55 hours

CPU:total 4 (initial active 4) (2 cores per cpu, 2 threads per core) family 6 model 142 stepping 9 microcode 0xb4, cmov, cx8, fxsr, mmx, sse, sse2, sse3, ssse3, sse4.1, sse4.2, popcnt, avx, avx2, aes, clmul, erms, 3dnowpref, lzcnt, ht, tsc, tscinvbit, bmi1, bmi2, adx, fma

Memory: 4k page, system-wide physical 8060M (1568M free)
TotalPageFile size 22289M (AvailPageFile size 46M)
current process WorkingSet (physical memory assigned to process): 286M, peak: 289M
current process commit charge ("private bytes"): 338M, peak: 341M

vm_info: OpenJDK 64-Bit Server VM (11.0.11+9-b60-7590822) for windows-amd64 JRE (11.0.11+9-b60-7590822), built on Jul 29 2021 21:43:44 by "builder" with MS VC++ 14.0 (VS2015)

END.
